{"/workspace/.eslintrc.js": {"path":"/workspace/.eslintrc.js","statementMap":{"0":{"start":{"line":1,"column":0},"end":{"line":6,"column":2}}},"fnMap":{},"branchMap":{},"s":{"0":0},"f":{},"b":{}}
,"/workspace/App.js": {"path":"/workspace/App.js","statementMap":{"0":{"start":{"line":22,"column":15},"end":{"line":22,"column":87}},"1":{"start":{"line":24,"column":21},"end":{"line":33,"column":1}},"2":{"start":{"line":35,"column":29},"end":{"line":44,"column":1}},"3":{"start":{"line":46,"column":19},"end":{"line":46,"column":46}},"4":{"start":{"line":48,"column":22},"end":{"line":52,"column":1}},"5":{"start":{"line":55,"column":17},"end":{"line":55,"column":36}},"6":{"start":{"line":56,"column":19},"end":{"line":56,"column":21}},"7":{"start":{"line":58,"column":26},"end":{"line":58,"column":38}},"8":{"start":{"line":59,"column":58},"end":{"line":59,"column":69}},"9":{"start":{"line":60,"column":46},"end":{"line":60,"column":57}},"10":{"start":{"line":61,"column":36},"end":{"line":61,"column":47}},"11":{"start":{"line":62,"column":34},"end":{"line":62,"column":52}},"12":{"start":{"line":63,"column":40},"end":{"line":63,"column":55}},"13":{"start":{"line":64,"column":44},"end":{"line":64,"column":59}},"14":{"start":{"line":65,"column":44},"end":{"line":65,"column":57}},"15":{"start":{"line":66,"column":46},"end":{"line":66,"column":61}},"16":{"start":{"line":67,"column":38},"end":{"line":67,"column":49}},"17":{"start":{"line":68,"column":23},"end":{"line":68,"column":41}},"18":{"start":{"line":69,"column":22},"end":{"line":69,"column":34}},"19":{"start":{"line":70,"column":25},"end":{"line":70,"column":37}},"20":{"start":{"line":71,"column":25},"end":{"line":71,"column":37}},"21":{"start":{"line":74,"column":2},"end":{"line":82,"column":9}},"22":{"start":{"line":75,"column":26},"end":{"line":75,"column":67}},"23":{"start":{"line":76,"column":20},"end":{"line":76,"column":41}},"24":{"start":{"line":77,"column":31},"end":{"line":77,"column":60}},"25":{"start":{"line":78,"column":22},"end":{"line":78,"column":56}},"26":{"start":{"line":80,"column":4},"end":{"line":80,"column":43}},"27":{"start":{"line":81,"column":4},"end":{"line":81,"column":33}},"28":{"start":{"line":85,"column":2},"end":{"line":107,"column":13}},"29":{"start":{"line":87,"column":20},"end":{"line":87,"column":22}},"30":{"start":{"line":88,"column":23},"end":{"line":88,"column":34}},"31":{"start":{"line":89,"column":24},"end":{"line":89,"column":27}},"32":{"start":{"line":91,"column":4},"end":{"line":94,"column":5}},"33":{"start":{"line":92,"column":6},"end":{"line":92,"column":28}},"34":{"start":{"line":93,"column":6},"end":{"line":93,"column":13}},"35":{"start":{"line":96,"column":26},"end":{"line":104,"column":5}},"36":{"start":{"line":97,"column":19},"end":{"line":97,"column":27}},"37":{"start":{"line":99,"column":6},"end":{"line":101,"column":7}},"38":{"start":{"line":100,"column":8},"end":{"line":100,"column":94}},"39":{"start":{"line":103,"column":6},"end":{"line":103,"column":32}},"40":{"start":{"line":106,"column":4},"end":{"line":106,"column":33}},"41":{"start":{"line":109,"column":31},"end":{"line":111,"column":3}},"42":{"start":{"line":110,"column":4},"end":{"line":110,"column":66}},"43":{"start":{"line":110,"column":38},"end":{"line":110,"column":64}},"44":{"start":{"line":113,"column":25},"end":{"line":115,"column":3}},"45":{"start":{"line":114,"column":4},"end":{"line":114,"column":60}},"46":{"start":{"line":114,"column":32},"end":{"line":114,"column":58}},"47":{"start":{"line":117,"column":25},"end":{"line":119,"column":3}},"48":{"start":{"line":118,"column":4},"end":{"line":118,"column":59}},"49":{"start":{"line":118,"column":27},"end":{"line":118,"column":57}},"50":{"start":{"line":121,"column":26},"end":{"line":123,"column":3}},"51":{"start":{"line":122,"column":4},"end":{"line":122,"column":63}},"52":{"start":{"line":122,"column":28},"end":{"line":122,"column":61}},"53":{"start":{"line":125,"column":27},"end":{"line":125,"column":48}},"54":{"start":{"line":126,"column":33},"end":{"line":126,"column":75}},"55":{"start":{"line":128,"column":4},"end":{"line":128,"column":82}},"56":{"start":{"line":129,"column":27},"end":{"line":129,"column":63}},"57":{"start":{"line":131,"column":26},"end":{"line":133,"column":3}},"58":{"start":{"line":132,"column":4},"end":{"line":132,"column":23}},"59":{"start":{"line":135,"column":27},"end":{"line":140,"column":3}},"60":{"start":{"line":136,"column":4},"end":{"line":136,"column":21}},"61":{"start":{"line":137,"column":4},"end":{"line":139,"column":5}},"62":{"start":{"line":138,"column":6},"end":{"line":138,"column":30}},"63":{"start":{"line":142,"column":28},"end":{"line":170,"column":3}},"64":{"start":{"line":143,"column":4},"end":{"line":169,"column":5}},"65":{"start":{"line":144,"column":6},"end":{"line":162,"column":7}},"66":{"start":{"line":145,"column":8},"end":{"line":145,"column":27}},"67":{"start":{"line":147,"column":8},"end":{"line":161,"column":9}},"68":{"start":{"line":148,"column":10},"end":{"line":160,"column":11}},"69":{"start":{"line":150,"column":12},"end":{"line":150,"column":69}},"70":{"start":{"line":150,"column":43},"end":{"line":150,"column":67}},"71":{"start":{"line":151,"column":35},"end":{"line":151,"column":60}},"72":{"start":{"line":152,"column":28},"end":{"line":152,"column":64}},"73":{"start":{"line":153,"column":36},"end":{"line":153,"column":38}},"74":{"start":{"line":154,"column":37},"end":{"line":154,"column":94}},"75":{"start":{"line":156,"column":12},"end":{"line":156,"column":47}},"76":{"start":{"line":158,"column":12},"end":{"line":158,"column":61}},"77":{"start":{"line":159,"column":12},"end":{"line":159,"column":34}},"78":{"start":{"line":164,"column":6},"end":{"line":164,"column":39}},"79":{"start":{"line":166,"column":6},"end":{"line":166,"column":57}},"80":{"start":{"line":168,"column":6},"end":{"line":168,"column":39}},"81":{"start":{"line":172,"column":26},"end":{"line":176,"column":3}},"82":{"start":{"line":173,"column":4},"end":{"line":175,"column":5}},"83":{"start":{"line":174,"column":6},"end":{"line":174,"column":30}},"84":{"start":{"line":178,"column":28},"end":{"line":227,"column":3}},"85":{"start":{"line":179,"column":4},"end":{"line":226,"column":7}},"86":{"start":{"line":180,"column":6},"end":{"line":225,"column":7}},"87":{"start":{"line":182,"column":25},"end":{"line":182,"column":73}},"88":{"start":{"line":184,"column":8},"end":{"line":221,"column":9}},"89":{"start":{"line":186,"column":28},"end":{"line":188,"column":18}},"90":{"start":{"line":187,"column":12},"end":{"line":187,"column":25}},"91":{"start":{"line":190,"column":10},"end":{"line":200,"column":11}},"92":{"start":{"line":191,"column":12},"end":{"line":196,"column":15}},"93":{"start":{"line":192,"column":14},"end":{"line":192,"column":38}},"94":{"start":{"line":194,"column":34},"end":{"line":194,"column":69}},"95":{"start":{"line":195,"column":14},"end":{"line":195,"column":35}},"96":{"start":{"line":198,"column":12},"end":{"line":198,"column":36}},"97":{"start":{"line":199,"column":12},"end":{"line":199,"column":25}},"98":{"start":{"line":203,"column":10},"end":{"line":220,"column":11}},"99":{"start":{"line":204,"column":30},"end":{"line":206,"column":20}},"100":{"start":{"line":205,"column":14},"end":{"line":205,"column":27}},"101":{"start":{"line":208,"column":12},"end":{"line":217,"column":13}},"102":{"start":{"line":209,"column":14},"end":{"line":213,"column":17}},"103":{"start":{"line":210,"column":16},"end":{"line":210,"column":40}},"104":{"start":{"line":211,"column":36},"end":{"line":211,"column":71}},"105":{"start":{"line":212,"column":16},"end":{"line":212,"column":37}},"106":{"start":{"line":215,"column":14},"end":{"line":215,"column":38}},"107":{"start":{"line":216,"column":14},"end":{"line":216,"column":27}},"108":{"start":{"line":219,"column":12},"end":{"line":219,"column":25}},"109":{"start":{"line":223,"column":8},"end":{"line":223,"column":57}},"110":{"start":{"line":224,"column":8},"end":{"line":224,"column":21}},"111":{"start":{"line":229,"column":22},"end":{"line":241,"column":3}},"112":{"start":{"line":230,"column":4},"end":{"line":233,"column":5}},"113":{"start":{"line":231,"column":6},"end":{"line":231,"column":71}},"114":{"start":{"line":232,"column":6},"end":{"line":232,"column":13}},"115":{"start":{"line":235,"column":4},"end":{"line":240,"column":7}},"116":{"start":{"line":243,"column":23},"end":{"line":318,"column":3}},"117":{"start":{"line":244,"column":4},"end":{"line":317,"column":5}},"118":{"start":{"line":245,"column":6},"end":{"line":248,"column":7}},"119":{"start":{"line":246,"column":8},"end":{"line":246,"column":72}},"120":{"start":{"line":247,"column":8},"end":{"line":247,"column":15}},"121":{"start":{"line":251,"column":25},"end":{"line":251,"column":69}},"122":{"start":{"line":252,"column":6},"end":{"line":258,"column":7}},"123":{"start":{"line":253,"column":8},"end":{"line":256,"column":10}},"124":{"start":{"line":257,"column":8},"end":{"line":257,"column":15}},"125":{"start":{"line":261,"column":6},"end":{"line":261,"column":25}},"126":{"start":{"line":264,"column":29},"end":{"line":309,"column":7}},"127":{"start":{"line":265,"column":8},"end":{"line":308,"column":9}},"128":{"start":{"line":266,"column":10},"end":{"line":266,"column":31}},"129":{"start":{"line":271,"column":10},"end":{"line":271,"column":67}},"130":{"start":{"line":271,"column":41},"end":{"line":271,"column":65}},"131":{"start":{"line":273,"column":33},"end":{"line":273,"column":58}},"132":{"start":{"line":274,"column":26},"end":{"line":274,"column":62}},"133":{"start":{"line":275,"column":34},"end":{"line":275,"column":36}},"134":{"start":{"line":276,"column":32},"end":{"line":276,"column":89}},"135":{"start":{"line":278,"column":10},"end":{"line":278,"column":75}},"136":{"start":{"line":280,"column":10},"end":{"line":282,"column":11}},"137":{"start":{"line":281,"column":12},"end":{"line":281,"column":66}},"138":{"start":{"line":284,"column":10},"end":{"line":286,"column":11}},"139":{"start":{"line":285,"column":12},"end":{"line":285,"column":66}},"140":{"start":{"line":288,"column":22},"end":{"line":293,"column":12}},"141":{"start":{"line":295,"column":10},"end":{"line":297,"column":11}},"142":{"start":{"line":296,"column":12},"end":{"line":296,"column":56}},"143":{"start":{"line":299,"column":10},"end":{"line":299,"column":69}},"144":{"start":{"line":301,"column":10},"end":{"line":301,"column":53}},"145":{"start":{"line":302,"column":10},"end":{"line":302,"column":59}},"146":{"start":{"line":304,"column":10},"end":{"line":304,"column":57}},"147":{"start":{"line":305,"column":10},"end":{"line":305,"column":92}},"148":{"start":{"line":307,"column":10},"end":{"line":307,"column":32}},"149":{"start":{"line":312,"column":6},"end":{"line":312,"column":39}},"150":{"start":{"line":314,"column":6},"end":{"line":314,"column":48}},"151":{"start":{"line":315,"column":6},"end":{"line":315,"column":61}},"152":{"start":{"line":316,"column":6},"end":{"line":316,"column":28}},"153":{"start":{"line":320,"column":25},"end":{"line":378,"column":3}},"154":{"start":{"line":321,"column":4},"end":{"line":377,"column":5}},"155":{"start":{"line":322,"column":6},"end":{"line":325,"column":7}},"156":{"start":{"line":323,"column":8},"end":{"line":323,"column":73}},"157":{"start":{"line":324,"column":8},"end":{"line":324,"column":15}},"158":{"start":{"line":328,"column":6},"end":{"line":328,"column":25}},"159":{"start":{"line":331,"column":27},"end":{"line":370,"column":7}},"160":{"start":{"line":332,"column":8},"end":{"line":369,"column":9}},"161":{"start":{"line":333,"column":10},"end":{"line":333,"column":31}},"162":{"start":{"line":338,"column":10},"end":{"line":338,"column":67}},"163":{"start":{"line":338,"column":41},"end":{"line":338,"column":65}},"164":{"start":{"line":340,"column":33},"end":{"line":340,"column":58}},"165":{"start":{"line":341,"column":26},"end":{"line":341,"column":62}},"166":{"start":{"line":342,"column":34},"end":{"line":342,"column":36}},"167":{"start":{"line":343,"column":32},"end":{"line":343,"column":89}},"168":{"start":{"line":345,"column":10},"end":{"line":347,"column":11}},"169":{"start":{"line":346,"column":12},"end":{"line":346,"column":66}},"170":{"start":{"line":349,"column":22},"end":{"line":354,"column":12}},"171":{"start":{"line":356,"column":10},"end":{"line":363,"column":11}},"172":{"start":{"line":357,"column":12},"end":{"line":360,"column":15}},"173":{"start":{"line":362,"column":12},"end":{"line":362,"column":77}},"174":{"start":{"line":365,"column":10},"end":{"line":365,"column":47}},"175":{"start":{"line":366,"column":10},"end":{"line":366,"column":74}},"176":{"start":{"line":368,"column":10},"end":{"line":368,"column":32}},"177":{"start":{"line":373,"column":6},"end":{"line":373,"column":37}},"178":{"start":{"line":375,"column":6},"end":{"line":375,"column":43}},"179":{"start":{"line":376,"column":6},"end":{"line":376,"column":53}},"180":{"start":{"line":380,"column":25},"end":{"line":439,"column":3}},"181":{"start":{"line":381,"column":4},"end":{"line":438,"column":5}},"182":{"start":{"line":382,"column":6},"end":{"line":385,"column":7}},"183":{"start":{"line":383,"column":8},"end":{"line":383,"column":73}},"184":{"start":{"line":384,"column":8},"end":{"line":384,"column":15}},"185":{"start":{"line":388,"column":6},"end":{"line":388,"column":25}},"186":{"start":{"line":391,"column":34},"end":{"line":431,"column":7}},"187":{"start":{"line":392,"column":8},"end":{"line":430,"column":9}},"188":{"start":{"line":393,"column":10},"end":{"line":393,"column":31}},"189":{"start":{"line":398,"column":10},"end":{"line":398,"column":67}},"190":{"start":{"line":398,"column":41},"end":{"line":398,"column":65}},"191":{"start":{"line":400,"column":33},"end":{"line":400,"column":58}},"192":{"start":{"line":401,"column":26},"end":{"line":401,"column":62}},"193":{"start":{"line":402,"column":34},"end":{"line":402,"column":36}},"194":{"start":{"line":403,"column":32},"end":{"line":403,"column":89}},"195":{"start":{"line":405,"column":10},"end":{"line":407,"column":11}},"196":{"start":{"line":406,"column":12},"end":{"line":406,"column":66}},"197":{"start":{"line":409,"column":22},"end":{"line":414,"column":12}},"198":{"start":{"line":416,"column":10},"end":{"line":424,"column":11}},"199":{"start":{"line":417,"column":12},"end":{"line":421,"column":15}},"200":{"start":{"line":423,"column":12},"end":{"line":423,"column":77}},"201":{"start":{"line":426,"column":10},"end":{"line":426,"column":55}},"202":{"start":{"line":427,"column":10},"end":{"line":427,"column":81}},"203":{"start":{"line":429,"column":10},"end":{"line":429,"column":32}},"204":{"start":{"line":434,"column":6},"end":{"line":434,"column":44}},"205":{"start":{"line":436,"column":6},"end":{"line":436,"column":51}},"206":{"start":{"line":437,"column":6},"end":{"line":437,"column":60}},"207":{"start":{"line":441,"column":2},"end":{"line":698,"column":4}},"208":{"start":{"line":701,"column":15},"end":{"line":885,"column":2}},"209":{"start":{"line":888,"column":2},"end":{"line":892,"column":4}}},"fnMap":{"0":{"name":"AppContent","decl":{"start":{"line":54,"column":9},"end":{"line":54,"column":19}},"loc":{"start":{"line":54,"column":22},"end":{"line":699,"column":1}},"line":54},"1":{"name":"(anonymous_1)","decl":{"start":{"line":74,"column":12},"end":{"line":74,"column":13}},"loc":{"start":{"line":74,"column":18},"end":{"line":82,"column":3}},"line":74},"2":{"name":"(anonymous_2)","decl":{"start":{"line":85,"column":12},"end":{"line":85,"column":13}},"loc":{"start":{"line":85,"column":18},"end":{"line":107,"column":3}},"line":85},"3":{"name":"(anonymous_3)","decl":{"start":{"line":96,"column":26},"end":{"line":96,"column":27}},"loc":{"start":{"line":96,"column":32},"end":{"line":104,"column":5}},"line":96},"4":{"name":"(anonymous_4)","decl":{"start":{"line":109,"column":31},"end":{"line":109,"column":32}},"loc":{"start":{"line":109,"column":37},"end":{"line":111,"column":3}},"line":109},"5":{"name":"(anonymous_5)","decl":{"start":{"line":110,"column":28},"end":{"line":110,"column":29}},"loc":{"start":{"line":110,"column":38},"end":{"line":110,"column":64}},"line":110},"6":{"name":"(anonymous_6)","decl":{"start":{"line":113,"column":25},"end":{"line":113,"column":26}},"loc":{"start":{"line":113,"column":31},"end":{"line":115,"column":3}},"line":113},"7":{"name":"(anonymous_7)","decl":{"start":{"line":114,"column":22},"end":{"line":114,"column":23}},"loc":{"start":{"line":114,"column":32},"end":{"line":114,"column":58}},"line":114},"8":{"name":"(anonymous_8)","decl":{"start":{"line":117,"column":25},"end":{"line":117,"column":26}},"loc":{"start":{"line":117,"column":31},"end":{"line":119,"column":3}},"line":117},"9":{"name":"(anonymous_9)","decl":{"start":{"line":118,"column":17},"end":{"line":118,"column":18}},"loc":{"start":{"line":118,"column":27},"end":{"line":118,"column":57}},"line":118},"10":{"name":"(anonymous_10)","decl":{"start":{"line":121,"column":26},"end":{"line":121,"column":27}},"loc":{"start":{"line":121,"column":32},"end":{"line":123,"column":3}},"line":121},"11":{"name":"(anonymous_11)","decl":{"start":{"line":122,"column":18},"end":{"line":122,"column":19}},"loc":{"start":{"line":122,"column":28},"end":{"line":122,"column":61}},"line":122},"12":{"name":"(anonymous_12)","decl":{"start":{"line":131,"column":26},"end":{"line":131,"column":27}},"loc":{"start":{"line":131,"column":32},"end":{"line":133,"column":3}},"line":131},"13":{"name":"(anonymous_13)","decl":{"start":{"line":135,"column":27},"end":{"line":135,"column":28}},"loc":{"start":{"line":135,"column":40},"end":{"line":140,"column":3}},"line":135},"14":{"name":"(anonymous_14)","decl":{"start":{"line":142,"column":28},"end":{"line":142,"column":29}},"loc":{"start":{"line":142,"column":40},"end":{"line":170,"column":3}},"line":142},"15":{"name":"(anonymous_15)","decl":{"start":{"line":150,"column":30},"end":{"line":150,"column":31}},"loc":{"start":{"line":150,"column":43},"end":{"line":150,"column":67}},"line":150},"16":{"name":"(anonymous_16)","decl":{"start":{"line":172,"column":26},"end":{"line":172,"column":27}},"loc":{"start":{"line":172,"column":32},"end":{"line":176,"column":3}},"line":172},"17":{"name":"(anonymous_17)","decl":{"start":{"line":178,"column":28},"end":{"line":178,"column":29}},"loc":{"start":{"line":178,"column":34},"end":{"line":227,"column":3}},"line":178},"18":{"name":"(anonymous_18)","decl":{"start":{"line":179,"column":23},"end":{"line":179,"column":24}},"loc":{"start":{"line":179,"column":36},"end":{"line":226,"column":5}},"line":179},"19":{"name":"(anonymous_19)","decl":{"start":{"line":186,"column":39},"end":{"line":186,"column":40}},"loc":{"start":{"line":186,"column":45},"end":{"line":188,"column":11}},"line":186},"20":{"name":"(anonymous_20)","decl":{"start":{"line":191,"column":29},"end":{"line":191,"column":30}},"loc":{"start":{"line":191,"column":57},"end":{"line":196,"column":13}},"line":191},"21":{"name":"(anonymous_21)","decl":{"start":{"line":204,"column":41},"end":{"line":204,"column":42}},"loc":{"start":{"line":204,"column":47},"end":{"line":206,"column":13}},"line":204},"22":{"name":"(anonymous_22)","decl":{"start":{"line":209,"column":43},"end":{"line":209,"column":44}},"loc":{"start":{"line":209,"column":71},"end":{"line":213,"column":15}},"line":209},"23":{"name":"(anonymous_23)","decl":{"start":{"line":229,"column":22},"end":{"line":229,"column":23}},"loc":{"start":{"line":229,"column":28},"end":{"line":241,"column":3}},"line":229},"24":{"name":"(anonymous_24)","decl":{"start":{"line":243,"column":23},"end":{"line":243,"column":24}},"loc":{"start":{"line":243,"column":35},"end":{"line":318,"column":3}},"line":243},"25":{"name":"(anonymous_25)","decl":{"start":{"line":264,"column":29},"end":{"line":264,"column":30}},"loc":{"start":{"line":264,"column":41},"end":{"line":309,"column":7}},"line":264},"26":{"name":"(anonymous_26)","decl":{"start":{"line":271,"column":28},"end":{"line":271,"column":29}},"loc":{"start":{"line":271,"column":41},"end":{"line":271,"column":65}},"line":271},"27":{"name":"(anonymous_27)","decl":{"start":{"line":320,"column":25},"end":{"line":320,"column":26}},"loc":{"start":{"line":320,"column":37},"end":{"line":378,"column":3}},"line":320},"28":{"name":"(anonymous_28)","decl":{"start":{"line":331,"column":27},"end":{"line":331,"column":28}},"loc":{"start":{"line":331,"column":39},"end":{"line":370,"column":7}},"line":331},"29":{"name":"(anonymous_29)","decl":{"start":{"line":338,"column":28},"end":{"line":338,"column":29}},"loc":{"start":{"line":338,"column":41},"end":{"line":338,"column":65}},"line":338},"30":{"name":"(anonymous_30)","decl":{"start":{"line":380,"column":25},"end":{"line":380,"column":26}},"loc":{"start":{"line":380,"column":37},"end":{"line":439,"column":3}},"line":380},"31":{"name":"(anonymous_31)","decl":{"start":{"line":391,"column":34},"end":{"line":391,"column":35}},"loc":{"start":{"line":391,"column":46},"end":{"line":431,"column":7}},"line":391},"32":{"name":"(anonymous_32)","decl":{"start":{"line":398,"column":28},"end":{"line":398,"column":29}},"loc":{"start":{"line":398,"column":41},"end":{"line":398,"column":65}},"line":398},"33":{"name":"App","decl":{"start":{"line":887,"column":24},"end":{"line":887,"column":27}},"loc":{"start":{"line":887,"column":30},"end":{"line":893,"column":1}},"line":887}},"branchMap":{"0":{"loc":{"start":{"line":91,"column":4},"end":{"line":94,"column":5}},"type":"if","locations":[{"start":{"line":91,"column":4},"end":{"line":94,"column":5}},{"start":{},"end":{}}],"line":91},"1":{"loc":{"start":{"line":99,"column":6},"end":{"line":101,"column":7}},"type":"if","locations":[{"start":{"line":99,"column":6},"end":{"line":101,"column":7}},{"start":{},"end":{}}],"line":99},"2":{"loc":{"start":{"line":128,"column":4},"end":{"line":128,"column":82}},"type":"cond-expr","locations":[{"start":{"line":128,"column":45},"end":{"line":128,"column":54}},{"start":{"line":128,"column":57},"end":{"line":128,"column":82}}],"line":128},"3":{"loc":{"start":{"line":137,"column":4},"end":{"line":139,"column":5}},"type":"if","locations":[{"start":{"line":137,"column":4},"end":{"line":139,"column":5}},{"start":{},"end":{}}],"line":137},"4":{"loc":{"start":{"line":137,"column":8},"end":{"line":137,"column":45}},"type":"binary-expr","locations":[{"start":{"line":137,"column":8},"end":{"line":137,"column":26}},{"start":{"line":137,"column":30},"end":{"line":137,"column":45}}],"line":137},"5":{"loc":{"start":{"line":144,"column":6},"end":{"line":162,"column":7}},"type":"if","locations":[{"start":{"line":144,"column":6},"end":{"line":162,"column":7}},{"start":{},"end":{}}],"line":144},"6":{"loc":{"start":{"line":147,"column":8},"end":{"line":161,"column":9}},"type":"if","locations":[{"start":{"line":147,"column":8},"end":{"line":161,"column":9}},{"start":{},"end":{}}],"line":147},"7":{"loc":{"start":{"line":173,"column":4},"end":{"line":175,"column":5}},"type":"if","locations":[{"start":{"line":173,"column":4},"end":{"line":175,"column":5}},{"start":{},"end":{}}],"line":173},"8":{"loc":{"start":{"line":182,"column":25},"end":{"line":182,"column":73}},"type":"binary-expr","locations":[{"start":{"line":182,"column":25},"end":{"line":182,"column":47}},{"start":{"line":182,"column":51},"end":{"line":182,"column":73}}],"line":182},"9":{"loc":{"start":{"line":184,"column":8},"end":{"line":221,"column":9}},"type":"if","locations":[{"start":{"line":184,"column":8},"end":{"line":221,"column":9}},{"start":{"line":201,"column":15},"end":{"line":221,"column":9}}],"line":184},"10":{"loc":{"start":{"line":184,"column":12},"end":{"line":184,"column":62}},"type":"binary-expr","locations":[{"start":{"line":184,"column":12},"end":{"line":184,"column":20}},{"start":{"line":184,"column":24},"end":{"line":184,"column":62}}],"line":184},"11":{"loc":{"start":{"line":194,"column":34},"end":{"line":194,"column":69}},"type":"cond-expr","locations":[{"start":{"line":194,"column":57},"end":{"line":194,"column":63}},{"start":{"line":194,"column":66},"end":{"line":194,"column":69}}],"line":194},"12":{"loc":{"start":{"line":194,"column":34},"end":{"line":194,"column":54}},"type":"binary-expr","locations":[{"start":{"line":194,"column":34},"end":{"line":194,"column":40}},{"start":{"line":194,"column":44},"end":{"line":194,"column":54}}],"line":194},"13":{"loc":{"start":{"line":203,"column":10},"end":{"line":220,"column":11}},"type":"if","locations":[{"start":{"line":203,"column":10},"end":{"line":220,"column":11}},{"start":{"line":218,"column":17},"end":{"line":220,"column":11}}],"line":203},"14":{"loc":{"start":{"line":203,"column":14},"end":{"line":203,"column":88}},"type":"binary-expr","locations":[{"start":{"line":203,"column":14},"end":{"line":203,"column":34}},{"start":{"line":203,"column":38},"end":{"line":203,"column":88}}],"line":203},"15":{"loc":{"start":{"line":211,"column":36},"end":{"line":211,"column":71}},"type":"cond-expr","locations":[{"start":{"line":211,"column":59},"end":{"line":211,"column":65}},{"start":{"line":211,"column":68},"end":{"line":211,"column":71}}],"line":211},"16":{"loc":{"start":{"line":211,"column":36},"end":{"line":211,"column":56}},"type":"binary-expr","locations":[{"start":{"line":211,"column":36},"end":{"line":211,"column":42}},{"start":{"line":211,"column":46},"end":{"line":211,"column":56}}],"line":211},"17":{"loc":{"start":{"line":230,"column":4},"end":{"line":233,"column":5}},"type":"if","locations":[{"start":{"line":230,"column":4},"end":{"line":233,"column":5}},{"start":{},"end":{}}],"line":230},"18":{"loc":{"start":{"line":245,"column":6},"end":{"line":248,"column":7}},"type":"if","locations":[{"start":{"line":245,"column":6},"end":{"line":248,"column":7}},{"start":{},"end":{}}],"line":245},"19":{"loc":{"start":{"line":252,"column":6},"end":{"line":258,"column":7}},"type":"if","locations":[{"start":{"line":252,"column":6},"end":{"line":258,"column":7}},{"start":{},"end":{}}],"line":252},"20":{"loc":{"start":{"line":280,"column":10},"end":{"line":282,"column":11}},"type":"if","locations":[{"start":{"line":280,"column":10},"end":{"line":282,"column":11}},{"start":{},"end":{}}],"line":280},"21":{"loc":{"start":{"line":284,"column":10},"end":{"line":286,"column":11}},"type":"if","locations":[{"start":{"line":284,"column":10},"end":{"line":286,"column":11}},{"start":{},"end":{}}],"line":284},"22":{"loc":{"start":{"line":295,"column":10},"end":{"line":297,"column":11}},"type":"if","locations":[{"start":{"line":295,"column":10},"end":{"line":297,"column":11}},{"start":{},"end":{}}],"line":295},"23":{"loc":{"start":{"line":305,"column":56},"end":{"line":305,"column":88}},"type":"binary-expr","locations":[{"start":{"line":305,"column":56},"end":{"line":305,"column":69}},{"start":{"line":305,"column":73},"end":{"line":305,"column":88}}],"line":305},"24":{"loc":{"start":{"line":322,"column":6},"end":{"line":325,"column":7}},"type":"if","locations":[{"start":{"line":322,"column":6},"end":{"line":325,"column":7}},{"start":{},"end":{}}],"line":322},"25":{"loc":{"start":{"line":345,"column":10},"end":{"line":347,"column":11}},"type":"if","locations":[{"start":{"line":345,"column":10},"end":{"line":347,"column":11}},{"start":{},"end":{}}],"line":345},"26":{"loc":{"start":{"line":356,"column":10},"end":{"line":363,"column":11}},"type":"if","locations":[{"start":{"line":356,"column":10},"end":{"line":363,"column":11}},{"start":{"line":361,"column":17},"end":{"line":363,"column":11}}],"line":356},"27":{"loc":{"start":{"line":382,"column":6},"end":{"line":385,"column":7}},"type":"if","locations":[{"start":{"line":382,"column":6},"end":{"line":385,"column":7}},{"start":{},"end":{}}],"line":382},"28":{"loc":{"start":{"line":405,"column":10},"end":{"line":407,"column":11}},"type":"if","locations":[{"start":{"line":405,"column":10},"end":{"line":407,"column":11}},{"start":{},"end":{}}],"line":405},"29":{"loc":{"start":{"line":416,"column":10},"end":{"line":424,"column":11}},"type":"if","locations":[{"start":{"line":416,"column":10},"end":{"line":424,"column":11}},{"start":{"line":422,"column":17},"end":{"line":424,"column":11}}],"line":416},"30":{"loc":{"start":{"line":445,"column":18},"end":{"line":445,"column":62}},"type":"cond-expr","locations":[{"start":{"line":445,"column":42},"end":{"line":445,"column":51}},{"start":{"line":445,"column":54},"end":{"line":445,"column":62}}],"line":445},"31":{"loc":{"start":{"line":453,"column":13},"end":{"line":521,"column":13}},"type":"binary-expr","locations":[{"start":{"line":453,"column":13},"end":{"line":453,"column":27}},{"start":{"line":454,"column":14},"end":{"line":520,"column":21}}],"line":453},"32":{"loc":{"start":{"line":495,"column":23},"end":{"line":499,"column":29}},"type":"cond-expr","locations":[{"start":{"line":496,"column":26},"end":{"line":496,"column":29}},{"start":{"line":497,"column":26},"end":{"line":499,"column":29}}],"line":495},"33":{"loc":{"start":{"line":497,"column":26},"end":{"line":499,"column":29}},"type":"cond-expr","locations":[{"start":{"line":498,"column":26},"end":{"line":498,"column":29}},{"start":{"line":499,"column":26},"end":{"line":499,"column":29}}],"line":497},"34":{"loc":{"start":{"line":524,"column":47},"end":{"line":524,"column":90}},"type":"cond-expr","locations":[{"start":{"line":524,"column":63},"end":{"line":524,"column":78}},{"start":{"line":524,"column":81},"end":{"line":524,"column":90}}],"line":524},"35":{"loc":{"start":{"line":530,"column":37},"end":{"line":530,"column":87}},"type":"cond-expr","locations":[{"start":{"line":530,"column":53},"end":{"line":530,"column":62}},{"start":{"line":530,"column":65},"end":{"line":530,"column":87}}],"line":530},"36":{"loc":{"start":{"line":542,"column":31},"end":{"line":542,"column":69}},"type":"cond-expr","locations":[{"start":{"line":542,"column":64},"end":{"line":542,"column":65}},{"start":{"line":542,"column":68},"end":{"line":542,"column":69}}],"line":542},"37":{"loc":{"start":{"line":542,"column":31},"end":{"line":542,"column":61}},"type":"binary-expr","locations":[{"start":{"line":542,"column":31},"end":{"line":542,"column":42}},{"start":{"line":542,"column":46},"end":{"line":542,"column":61}}],"line":542},"38":{"loc":{"start":{"line":574,"column":17},"end":{"line":589,"column":24}},"type":"cond-expr","locations":[{"start":{"line":575,"column":18},"end":{"line":588,"column":25}},{"start":{"line":589,"column":20},"end":{"line":589,"column":24}}],"line":574},"39":{"loc":{"start":{"line":608,"column":17},"end":{"line":628,"column":17}},"type":"binary-expr","locations":[{"start":{"line":608,"column":17},"end":{"line":608,"column":31}},{"start":{"line":609,"column":18},"end":{"line":627,"column":20}}],"line":608},"40":{"loc":{"start":{"line":614,"column":31},"end":{"line":614,"column":77}},"type":"cond-expr","locations":[{"start":{"line":614,"column":45},"end":{"line":614,"column":58}},{"start":{"line":614,"column":61},"end":{"line":614,"column":77}}],"line":614},"41":{"loc":{"start":{"line":636,"column":7},"end":{"line":696,"column":7}},"type":"binary-expr","locations":[{"start":{"line":636,"column":7},"end":{"line":636,"column":20}},{"start":{"line":637,"column":8},"end":{"line":695,"column":35}}],"line":636},"42":{"loc":{"start":{"line":640,"column":13},"end":{"line":693,"column":13}},"type":"cond-expr","locations":[{"start":{"line":641,"column":14},"end":{"line":686,"column":27}},{"start":{"line":688,"column":14},"end":{"line":692,"column":21}}],"line":640}},"s":{"0":1,"1":1,"2":1,"3":1,"4":1,"5":47,"6":47,"7":47,"8":47,"9":47,"10":47,"11":47,"12":47,"13":47,"14":47,"15":47,"16":47,"17":47,"18":47,"19":47,"20":47,"21":47,"22":16,"23":16,"24":16,"25":16,"26":16,"27":16,"28":47,"29":20,"30":20,"31":20,"32":20,"33":16,"34":16,"35":4,"36":4,"37":4,"38":1,"39":4,"40":4,"41":47,"42":3,"43":3,"44":47,"45":1,"46":1,"47":47,"48":1,"49":1,"50":47,"51":1,"52":1,"53":47,"54":47,"55":47,"56":47,"57":47,"58":0,"59":47,"60":4,"61":4,"62":4,"63":47,"64":1,"65":1,"66":1,"67":1,"68":0,"69":0,"70":0,"71":0,"72":0,"73":0,"74":0,"75":0,"76":0,"77":0,"78":1,"79":0,"80":0,"81":47,"82":0,"83":0,"84":47,"85":0,"86":0,"87":0,"88":0,"89":0,"90":0,"91":0,"92":0,"93":0,"94":0,"95":0,"96":0,"97":0,"98":0,"99":0,"100":0,"101":0,"102":0,"103":0,"104":0,"105":0,"106":0,"107":0,"108":0,"109":0,"110":0,"111":47,"112":2,"113":1,"114":1,"115":1,"116":47,"117":0,"118":0,"119":0,"120":0,"121":0,"122":0,"123":0,"124":0,"125":0,"126":0,"127":0,"128":0,"129":0,"130":0,"131":0,"132":0,"133":0,"134":0,"135":0,"136":0,"137":0,"138":0,"139":0,"140":0,"141":0,"142":0,"143":0,"144":0,"145":0,"146":0,"147":0,"148":0,"149":0,"150":0,"151":0,"152":0,"153":47,"154":0,"155":0,"156":0,"157":0,"158":0,"159":0,"160":0,"161":0,"162":0,"163":0,"164":0,"165":0,"166":0,"167":0,"168":0,"169":0,"170":0,"171":0,"172":0,"173":0,"174":0,"175":0,"176":0,"177":0,"178":0,"179":0,"180":47,"181":0,"182":0,"183":0,"184":0,"185":0,"186":0,"187":0,"188":0,"189":0,"190":0,"191":0,"192":0,"193":0,"194":0,"195":0,"196":0,"197":0,"198":0,"199":0,"200":0,"201":0,"202":0,"203":0,"204":0,"205":0,"206":0,"207":47,"208":1,"209":16},"f":{"0":47,"1":16,"2":20,"3":4,"4":3,"5":3,"6":1,"7":1,"8":1,"9":1,"10":1,"11":1,"12":0,"13":4,"14":1,"15":0,"16":0,"17":0,"18":0,"19":0,"20":0,"21":0,"22":0,"23":2,"24":0,"25":0,"26":0,"27":0,"28":0,"29":0,"30":0,"31":0,"32":0,"33":16},"b":{"0":[16,4],"1":[1,3],"2":[46,1],"3":[4,0],"4":[4,4],"5":[1,0],"6":[0,1],"7":[0,0],"8":[0,0],"9":[0,0],"10":[0,0],"11":[0,0],"12":[0,0],"13":[0,0],"14":[0,0],"15":[0,0],"16":[0,0],"17":[1,1],"18":[0,0],"19":[0,0],"20":[0,0],"21":[0,0],"22":[0,0],"23":[0,0],"24":[0,0],"25":[0,0],"26":[0,0],"27":[0,0],"28":[0,0],"29":[0,0],"30":[47,0],"31":[47,46],"32":[45,1],"33":[1,0],"34":[1,46],"35":[1,46],"36":[0,47],"37":[47,0],"38":[39,8],"39":[47,46],"40":[0,46],"41":[47,1],"42":[0,1]},"_coverageSchema":"1a1c01bbd47fc00a2c39e90264f33305004495a9","hash":"3c4ca5573c497c696659163a315333e2a301206e"}
,"/workspace/utils/textUtils.js": {"path":"/workspace/utils/textUtils.js","statementMap":{"0":{"start":{"line":1,"column":15},"end":{"line":1,"column":87}},"1":{"start":{"line":3,"column":21},"end":{"line":12,"column":1}},"2":{"start":{"line":14,"column":29},"end":{"line":23,"column":1}},"3":{"start":{"line":25,"column":19},"end":{"line":25,"column":46}},"4":{"start":{"line":27,"column":22},"end":{"line":31,"column":1}},"5":{"start":{"line":41,"column":33},"end":{"line":54,"column":1}},"6":{"start":{"line":42,"column":2},"end":{"line":44,"column":3}},"7":{"start":{"line":43,"column":4},"end":{"line":43,"column":20}},"8":{"start":{"line":46,"column":21},"end":{"line":46,"column":32}},"9":{"start":{"line":48,"column":2},"end":{"line":50,"column":3}},"10":{"start":{"line":49,"column":4},"end":{"line":49,"column":20}},"11":{"start":{"line":52,"column":17},"end":{"line":52,"column":93}},"12":{"start":{"line":53,"column":2},"end":{"line":53,"column":47}},"13":{"start":{"line":62,"column":33},"end":{"line":64,"column":1}},"14":{"start":{"line":63,"column":2},"end":{"line":63,"column":48}},"15":{"start":{"line":71,"column":37},"end":{"line":73,"column":1}},"16":{"start":{"line":72,"column":2},"end":{"line":72,"column":48}},"17":{"start":{"line":80,"column":38},"end":{"line":82,"column":1}},"18":{"start":{"line":81,"column":2},"end":{"line":81,"column":51}},"19":{"start":{"line":89,"column":37},"end":{"line":91,"column":1}},"20":{"start":{"line":90,"column":2},"end":{"line":90,"column":52}},"21":{"start":{"line":97,"column":34},"end":{"line":107,"column":1}},"22":{"start":{"line":98,"column":26},"end":{"line":98,"column":67}},"23":{"start":{"line":99,"column":26},"end":{"line":99,"column":49}},"24":{"start":{"line":100,"column":29},"end":{"line":100,"column":67}},"25":{"start":{"line":101,"column":20},"end":{"line":101,"column":54}},"26":{"start":{"line":103,"column":2},"end":{"line":106,"column":4}},"27":{"start":{"line":114,"column":29},"end":{"line":116,"column":1}},"28":{"start":{"line":115,"column":2},"end":{"line":115,"column":46}},"29":{"start":{"line":123,"column":32},"end":{"line":125,"column":1}},"30":{"start":{"line":124,"column":2},"end":{"line":124,"column":37}},"31":{"start":{"line":132,"column":33},"end":{"line":134,"column":1}},"32":{"start":{"line":133,"column":2},"end":{"line":133,"column":42}},"33":{"start":{"line":141,"column":27},"end":{"line":143,"column":1}},"34":{"start":{"line":142,"column":2},"end":{"line":142,"column":60}}},"fnMap":{"0":{"name":"(anonymous_0)","decl":{"start":{"line":41,"column":33},"end":{"line":41,"column":34}},"loc":{"start":{"line":41,"column":91},"end":{"line":54,"column":1}},"line":41},"1":{"name":"(anonymous_1)","decl":{"start":{"line":62,"column":33},"end":{"line":62,"column":34}},"loc":{"start":{"line":62,"column":72},"end":{"line":64,"column":1}},"line":62},"2":{"name":"(anonymous_2)","decl":{"start":{"line":71,"column":37},"end":{"line":71,"column":38}},"loc":{"start":{"line":71,"column":55},"end":{"line":73,"column":1}},"line":71},"3":{"name":"(anonymous_3)","decl":{"start":{"line":80,"column":38},"end":{"line":80,"column":39}},"loc":{"start":{"line":80,"column":56},"end":{"line":82,"column":1}},"line":80},"4":{"name":"(anonymous_4)","decl":{"start":{"line":89,"column":37},"end":{"line":89,"column":38}},"loc":{"start":{"line":89,"column":52},"end":{"line":91,"column":1}},"line":89},"5":{"name":"(anonymous_5)","decl":{"start":{"line":97,"column":34},"end":{"line":97,"column":35}},"loc":{"start":{"line":97,"column":40},"end":{"line":107,"column":1}},"line":97},"6":{"name":"(anonymous_6)","decl":{"start":{"line":114,"column":29},"end":{"line":114,"column":30}},"loc":{"start":{"line":114,"column":44},"end":{"line":116,"column":1}},"line":114},"7":{"name":"(anonymous_7)","decl":{"start":{"line":123,"column":32},"end":{"line":123,"column":33}},"loc":{"start":{"line":123,"column":43},"end":{"line":125,"column":1}},"line":123},"8":{"name":"(anonymous_8)","decl":{"start":{"line":132,"column":33},"end":{"line":132,"column":34}},"loc":{"start":{"line":132,"column":44},"end":{"line":134,"column":1}},"line":132},"9":{"name":"(anonymous_9)","decl":{"start":{"line":141,"column":27},"end":{"line":141,"column":28}},"loc":{"start":{"line":141,"column":37},"end":{"line":143,"column":1}},"line":141}},"branchMap":{"0":{"loc":{"start":{"line":41,"column":40},"end":{"line":41,"column":53}},"type":"default-arg","locations":[{"start":{"line":41,"column":51},"end":{"line":41,"column":53}}],"line":41},"1":{"loc":{"start":{"line":41,"column":55},"end":{"line":41,"column":67}},"type":"default-arg","locations":[{"start":{"line":41,"column":65},"end":{"line":41,"column":67}}],"line":41},"2":{"loc":{"start":{"line":41,"column":69},"end":{"line":41,"column":86}},"type":"default-arg","locations":[{"start":{"line":41,"column":83},"end":{"line":41,"column":86}}],"line":41},"3":{"loc":{"start":{"line":42,"column":2},"end":{"line":44,"column":3}},"type":"if","locations":[{"start":{"line":42,"column":2},"end":{"line":44,"column":3}},{"start":{},"end":{}}],"line":42},"4":{"loc":{"start":{"line":42,"column":6},"end":{"line":42,"column":32}},"type":"binary-expr","locations":[{"start":{"line":42,"column":6},"end":{"line":42,"column":11}},{"start":{"line":42,"column":15},"end":{"line":42,"column":32}}],"line":42},"5":{"loc":{"start":{"line":48,"column":2},"end":{"line":50,"column":3}},"type":"if","locations":[{"start":{"line":48,"column":2},"end":{"line":50,"column":3}},{"start":{},"end":{}}],"line":48},"6":{"loc":{"start":{"line":62,"column":48},"end":{"line":62,"column":67}},"type":"default-arg","locations":[{"start":{"line":62,"column":61},"end":{"line":62,"column":67}}],"line":62},"7":{"loc":{"start":{"line":90,"column":9},"end":{"line":90,"column":51}},"type":"binary-expr","locations":[{"start":{"line":90,"column":9},"end":{"line":90,"column":40}},{"start":{"line":90,"column":44},"end":{"line":90,"column":51}}],"line":90},"8":{"loc":{"start":{"line":115,"column":9},"end":{"line":115,"column":45}},"type":"binary-expr","locations":[{"start":{"line":115,"column":9},"end":{"line":115,"column":32}},{"start":{"line":115,"column":36},"end":{"line":115,"column":45}}],"line":115},"9":{"loc":{"start":{"line":124,"column":9},"end":{"line":124,"column":36}},"type":"binary-expr","locations":[{"start":{"line":124,"column":9},"end":{"line":124,"column":26}},{"start":{"line":124,"column":30},"end":{"line":124,"column":36}}],"line":124},"10":{"loc":{"start":{"line":133,"column":9},"end":{"line":133,"column":41}},"type":"binary-expr","locations":[{"start":{"line":133,"column":9},"end":{"line":133,"column":29}},{"start":{"line":133,"column":33},"end":{"line":133,"column":41}}],"line":133},"11":{"loc":{"start":{"line":142,"column":9},"end":{"line":142,"column":59}},"type":"binary-expr","locations":[{"start":{"line":142,"column":9},"end":{"line":142,"column":33}},{"start":{"line":142,"column":37},"end":{"line":142,"column":59}}],"line":142}},"s":{"0":1,"1":1,"2":1,"3":1,"4":1,"5":1,"6":9,"7":3,"8":6,"9":6,"10":2,"11":4,"12":4,"13":1,"14":7,"15":1,"16":5,"17":1,"18":5,"19":1,"20":28,"21":1,"22":11,"23":11,"24":11,"25":11,"26":11,"27":1,"28":5,"29":1,"30":5,"31":1,"32":5,"33":1,"34":8},"f":{"0":9,"1":7,"2":5,"3":5,"4":28,"5":11,"6":5,"7":5,"8":5,"9":8},"b":{"0":[8],"1":[8],"2":[8],"3":[3,6],"4":[9,6],"5":[2,4],"6":[5],"7":[28,3],"8":[5,2],"9":[5,2],"10":[5,2],"11":[8,5]},"_coverageSchema":"1a1c01bbd47fc00a2c39e90264f33305004495a9","hash":"585fbd9971acb898c3fe23256077e44d3973671e"}
}
