TN:
SF:.eslintrc.js
FNF:0
FNH:0
DA:1,0
LF:1
LH:0
BRF:0
BRH:0
end_of_record
TN:
SF:App.js
FN:54,AppContent
FN:74,(anonymous_1)
FN:85,(anonymous_2)
FN:96,(anonymous_3)
FN:109,(anonymous_4)
FN:110,(anonymous_5)
FN:113,(anonymous_6)
FN:114,(anonymous_7)
FN:117,(anonymous_8)
FN:118,(anonymous_9)
FN:121,(anonymous_10)
FN:122,(anonymous_11)
FN:131,(anonymous_12)
FN:135,(anonymous_13)
FN:142,(anonymous_14)
FN:150,(anonymous_15)
FN:172,(anonymous_16)
FN:178,(anonymous_17)
FN:179,(anonymous_18)
FN:186,(anonymous_19)
FN:191,(anonymous_20)
FN:204,(anonymous_21)
FN:209,(anonymous_22)
FN:229,(anonymous_23)
FN:243,(anonymous_24)
FN:264,(anonymous_25)
FN:271,(anonymous_26)
FN:320,(anonymous_27)
FN:331,(anonymous_28)
FN:338,(anonymous_29)
FN:380,(anonymous_30)
FN:391,(anonymous_31)
FN:398,(anonymous_32)
FN:887,App
FNF:34
FNH:16
FNDA:47,AppContent
FNDA:16,(anonymous_1)
FNDA:20,(anonymous_2)
FNDA:4,(anonymous_3)
FNDA:3,(anonymous_4)
FNDA:3,(anonymous_5)
FNDA:1,(anonymous_6)
FNDA:1,(anonymous_7)
FNDA:1,(anonymous_8)
FNDA:1,(anonymous_9)
FNDA:1,(anonymous_10)
FNDA:1,(anonymous_11)
FNDA:0,(anonymous_12)
FNDA:4,(anonymous_13)
FNDA:1,(anonymous_14)
FNDA:0,(anonymous_15)
FNDA:0,(anonymous_16)
FNDA:0,(anonymous_17)
FNDA:0,(anonymous_18)
FNDA:0,(anonymous_19)
FNDA:0,(anonymous_20)
FNDA:0,(anonymous_21)
FNDA:0,(anonymous_22)
FNDA:2,(anonymous_23)
FNDA:0,(anonymous_24)
FNDA:0,(anonymous_25)
FNDA:0,(anonymous_26)
FNDA:0,(anonymous_27)
FNDA:0,(anonymous_28)
FNDA:0,(anonymous_29)
FNDA:0,(anonymous_30)
FNDA:0,(anonymous_31)
FNDA:0,(anonymous_32)
FNDA:16,App
DA:22,1
DA:24,1
DA:35,1
DA:46,1
DA:48,1
DA:55,47
DA:56,47
DA:58,47
DA:59,47
DA:60,47
DA:61,47
DA:62,47
DA:63,47
DA:64,47
DA:65,47
DA:66,47
DA:67,47
DA:68,47
DA:69,47
DA:70,47
DA:71,47
DA:74,47
DA:75,16
DA:76,16
DA:77,16
DA:78,16
DA:80,16
DA:81,16
DA:85,47
DA:87,20
DA:88,20
DA:89,20
DA:91,20
DA:92,16
DA:93,16
DA:96,4
DA:97,4
DA:99,4
DA:100,1
DA:103,4
DA:106,4
DA:109,47
DA:110,3
DA:113,47
DA:114,1
DA:117,47
DA:118,1
DA:121,47
DA:122,1
DA:125,47
DA:126,47
DA:128,47
DA:129,47
DA:131,47
DA:132,0
DA:135,47
DA:136,4
DA:137,4
DA:138,4
DA:142,47
DA:143,1
DA:144,1
DA:145,1
DA:147,1
DA:148,0
DA:150,0
DA:151,0
DA:152,0
DA:153,0
DA:154,0
DA:156,0
DA:158,0
DA:159,0
DA:164,1
DA:166,0
DA:168,0
DA:172,47
DA:173,0
DA:174,0
DA:178,47
DA:179,0
DA:180,0
DA:182,0
DA:184,0
DA:186,0
DA:187,0
DA:190,0
DA:191,0
DA:192,0
DA:194,0
DA:195,0
DA:198,0
DA:199,0
DA:203,0
DA:204,0
DA:205,0
DA:208,0
DA:209,0
DA:210,0
DA:211,0
DA:212,0
DA:215,0
DA:216,0
DA:219,0
DA:223,0
DA:224,0
DA:229,47
DA:230,2
DA:231,1
DA:232,1
DA:235,1
DA:243,47
DA:244,0
DA:245,0
DA:246,0
DA:247,0
DA:251,0
DA:252,0
DA:253,0
DA:257,0
DA:261,0
DA:264,0
DA:265,0
DA:266,0
DA:271,0
DA:273,0
DA:274,0
DA:275,0
DA:276,0
DA:278,0
DA:280,0
DA:281,0
DA:284,0
DA:285,0
DA:288,0
DA:295,0
DA:296,0
DA:299,0
DA:301,0
DA:302,0
DA:304,0
DA:305,0
DA:307,0
DA:312,0
DA:314,0
DA:315,0
DA:316,0
DA:320,47
DA:321,0
DA:322,0
DA:323,0
DA:324,0
DA:328,0
DA:331,0
DA:332,0
DA:333,0
DA:338,0
DA:340,0
DA:341,0
DA:342,0
DA:343,0
DA:345,0
DA:346,0
DA:349,0
DA:356,0
DA:357,0
DA:362,0
DA:365,0
DA:366,0
DA:368,0
DA:373,0
DA:375,0
DA:376,0
DA:380,47
DA:381,0
DA:382,0
DA:383,0
DA:384,0
DA:388,0
DA:391,0
DA:392,0
DA:393,0
DA:398,0
DA:400,0
DA:401,0
DA:402,0
DA:403,0
DA:405,0
DA:406,0
DA:409,0
DA:416,0
DA:417,0
DA:423,0
DA:426,0
DA:427,0
DA:429,0
DA:434,0
DA:436,0
DA:437,0
DA:441,47
DA:701,1
DA:888,16
LF:202
LH:77
BRDA:91,0,0,16
BRDA:91,0,1,4
BRDA:99,1,0,1
BRDA:99,1,1,3
BRDA:128,2,0,46
BRDA:128,2,1,1
BRDA:137,3,0,4
BRDA:137,3,1,0
BRDA:137,4,0,4
BRDA:137,4,1,4
BRDA:144,5,0,1
BRDA:144,5,1,0
BRDA:147,6,0,0
BRDA:147,6,1,1
BRDA:173,7,0,0
BRDA:173,7,1,0
BRDA:182,8,0,0
BRDA:182,8,1,0
BRDA:184,9,0,0
BRDA:184,9,1,0
BRDA:184,10,0,0
BRDA:184,10,1,0
BRDA:194,11,0,0
BRDA:194,11,1,0
BRDA:194,12,0,0
BRDA:194,12,1,0
BRDA:203,13,0,0
BRDA:203,13,1,0
BRDA:203,14,0,0
BRDA:203,14,1,0
BRDA:211,15,0,0
BRDA:211,15,1,0
BRDA:211,16,0,0
BRDA:211,16,1,0
BRDA:230,17,0,1
BRDA:230,17,1,1
BRDA:245,18,0,0
BRDA:245,18,1,0
BRDA:252,19,0,0
BRDA:252,19,1,0
BRDA:280,20,0,0
BRDA:280,20,1,0
BRDA:284,21,0,0
BRDA:284,21,1,0
BRDA:295,22,0,0
BRDA:295,22,1,0
BRDA:305,23,0,0
BRDA:305,23,1,0
BRDA:322,24,0,0
BRDA:322,24,1,0
BRDA:345,25,0,0
BRDA:345,25,1,0
BRDA:356,26,0,0
BRDA:356,26,1,0
BRDA:382,27,0,0
BRDA:382,27,1,0
BRDA:405,28,0,0
BRDA:405,28,1,0
BRDA:416,29,0,0
BRDA:416,29,1,0
BRDA:445,30,0,47
BRDA:445,30,1,0
BRDA:453,31,0,47
BRDA:453,31,1,46
BRDA:495,32,0,45
BRDA:495,32,1,1
BRDA:497,33,0,1
BRDA:497,33,1,0
BRDA:524,34,0,1
BRDA:524,34,1,46
BRDA:530,35,0,1
BRDA:530,35,1,46
BRDA:542,36,0,0
BRDA:542,36,1,47
BRDA:542,37,0,47
BRDA:542,37,1,0
BRDA:574,38,0,39
BRDA:574,38,1,8
BRDA:608,39,0,47
BRDA:608,39,1,46
BRDA:614,40,0,0
BRDA:614,40,1,46
BRDA:636,41,0,47
BRDA:636,41,1,1
BRDA:640,42,0,0
BRDA:640,42,1,1
BRF:86
BRH:33
end_of_record
TN:
SF:utils/textUtils.js
FN:41,(anonymous_0)
FN:62,(anonymous_1)
FN:71,(anonymous_2)
FN:80,(anonymous_3)
FN:89,(anonymous_4)
FN:97,(anonymous_5)
FN:114,(anonymous_6)
FN:123,(anonymous_7)
FN:132,(anonymous_8)
FN:141,(anonymous_9)
FNF:10
FNH:10
FNDA:9,(anonymous_0)
FNDA:7,(anonymous_1)
FNDA:5,(anonymous_2)
FNDA:5,(anonymous_3)
FNDA:28,(anonymous_4)
FNDA:11,(anonymous_5)
FNDA:5,(anonymous_6)
FNDA:5,(anonymous_7)
FNDA:5,(anonymous_8)
FNDA:8,(anonymous_9)
DA:1,1
DA:3,1
DA:14,1
DA:25,1
DA:27,1
DA:41,1
DA:42,9
DA:43,3
DA:46,6
DA:48,6
DA:49,2
DA:52,4
DA:53,4
DA:62,1
DA:63,7
DA:71,1
DA:72,5
DA:80,1
DA:81,5
DA:89,1
DA:90,28
DA:97,1
DA:98,11
DA:99,11
DA:100,11
DA:101,11
DA:103,11
DA:114,1
DA:115,5
DA:123,1
DA:124,5
DA:132,1
DA:133,5
DA:141,1
DA:142,8
LF:35
LH:35
BRDA:41,0,0,8
BRDA:41,1,0,8
BRDA:41,2,0,8
BRDA:42,3,0,3
BRDA:42,3,1,6
BRDA:42,4,0,9
BRDA:42,4,1,6
BRDA:48,5,0,2
BRDA:48,5,1,4
BRDA:62,6,0,5
BRDA:90,7,0,28
BRDA:90,7,1,3
BRDA:115,8,0,5
BRDA:115,8,1,2
BRDA:124,9,0,5
BRDA:124,9,1,2
BRDA:133,10,0,5
BRDA:133,10,1,2
BRDA:142,11,0,8
BRDA:142,11,1,5
BRF:20
BRH:20
end_of_record
